2014-06-17 10:16:13.017 HelloWorld[46379:70b] Multi-tasking -> Device: YES, App: YES
2014-06-17 10:16:13.106 HelloWorld[46379:70b] Resetting plugins due to page load.
2014-06-17 10:16:13.180 HelloWorld[46379:70b] Finished load of: file:///Users/nate/Library/Application%20Support/iPhone%20Simulator/7.1/Applications/C11DD086-809F-495D-9FDA-8101295D44D4/HelloWorld.app/www/index.html
2014-06-17 10:16:48.805 HelloWorld[46712:70b] Multi-tasking -> Device: YES, App: YES
2014-06-17 10:16:49.033 HelloWorld[46712:70b] Resetting plugins due to page load.
2014-06-17 10:16:49.162 HelloWorld[46712:70b] Finished load of: file:///Users/nate/Library/Application%20Support/iPhone%20Simulator/7.1/Applications/C11DD086-809F-495D-9FDA-8101295D44D4/HelloWorld.app/www/index.html
Terminating in response to SpringBoard's termination.
2014-06-17 10:18:48.952 HelloWorld[47271:70b] Multi-tasking -> Device: YES, App: YES
2014-06-17 10:18:49.260 HelloWorld[47271:70b] Resetting plugins due to page load.
2014-06-17 10:18:49.505 HelloWorld[47271:70b] Finished load of: file:///Users/nate/Library/Application%20Support/iPhone%20Simulator/7.1/Applications/C11DD086-809F-495D-9FDA-8101295D44D4/HelloWorld.app/www/index.html
2014-06-17 10:24:23.786 HelloWorld[47717:70b] Multi-tasking -> Device: YES, App: YES
2014-06-17 10:24:24.465 HelloWorld[47717:70b] Resetting plugins due to page load.
2014-06-17 10:24:24.725 HelloWorld[47717:70b] Finished load of: file:///Users/nate/Library/Application%20Support/iPhone%20Simulator/7.1/Applications/C11DD086-809F-495D-9FDA-8101295D44D4/HelloWorld.app/www/index.html
2014-06-17 10:28:05.747 HelloWorld[48574:70b] Multi-tasking -> Device: YES, App: YES
2014-06-17 10:28:06.434 HelloWorld[48574:70b] Resetting plugins due to page load.
2014-06-17 10:28:06.620 HelloWorld[48574:70b] Finished load of: file:///Users/nate/Library/Application%20Support/iPhone%20Simulator/7.1/Applications/C11DD086-809F-495D-9FDA-8101295D44D4/HelloWorld.app/www/index.html
2014-06-17 10:30:18.789 HelloWorld[48960:70b] Multi-tasking -> Device: YES, App: YES
2014-06-17 10:30:19.220 HelloWorld[48960:70b] Resetting plugins due to page load.
2014-06-17 10:30:19.331 HelloWorld[48960:70b] Finished load of: file:///Users/nate/Library/Application%20Support/iPhone%20Simulator/7.1/Applications/C11DD086-809F-495D-9FDA-8101295D44D4/HelloWorld.app/www/index.html
2014-06-17 10:32:25.447 HelloWorld[49328:70b] Multi-tasking -> Device: YES, App: YES
2014-06-17 10:32:25.624 HelloWorld[49328:70b] Resetting plugins due to page load.
2014-06-17 10:32:25.827 HelloWorld[49328:70b] Finished load of: file:///Users/nate/Library/Application%20Support/iPhone%20Simulator/7.1/Applications/C11DD086-809F-495D-9FDA-8101295D44D4/HelloWorld.app/www/index.html
2014-06-17 10:33:44.187 HelloWorld[49328:4003] ERROR whitelist rejection: url='http://localhost:9393/inspect-session'
2014-06-17 10:33:44.190 HelloWorld[49328:4003] ERROR whitelist rejection: url='http://localhost:9393/inspect-session'
2014-06-17 10:33:44.192 HelloWorld[49328:4003] ERROR whitelist rejection: url='http://localhost:9393/inspect-session'
2014-06-17 10:37:13.742 HelloWorld[49759:70b] Multi-tasking -> Device: YES, App: YES
2014-06-17 10:37:14.045 HelloWorld[49759:70b] Resetting plugins due to page load.
2014-06-17 10:37:14.158 HelloWorld[49759:70b] Finished load of: file:///Users/nate/Library/Application%20Support/iPhone%20Simulator/7.1/Applications/C11DD086-809F-495D-9FDA-8101295D44D4/HelloWorld.app/www/index.html
Terminating in response to SpringBoard's termination.
2014-06-17 10:38:23.136 HelloWorld[50107:70b] Multi-tasking -> Device: YES, App: YES
2014-06-17 10:38:23.439 HelloWorld[50107:70b] Resetting plugins due to page load.
2014-06-17 10:38:23.524 HelloWorld[50107:70b] Finished load of: file:///Users/nate/Library/Application%20Support/iPhone%20Simulator/7.1/Applications/C11DD086-809F-495D-9FDA-8101295D44D4/HelloWorld.app/www/index.html
2014-06-17 10:39:32.400 HelloWorld[50456:70b] Multi-tasking -> Device: YES, App: YES
2014-06-17 10:39:32.782 HelloWorld[50456:70b] Resetting plugins due to page load.
2014-06-17 10:39:33.012 HelloWorld[50456:70b] Finished load of: file:///Users/nate/Library/Application%20Support/iPhone%20Simulator/7.1/Applications/C11DD086-809F-495D-9FDA-8101295D44D4/HelloWorld.app/www/index.html
2014-06-17 10:40:27.992 HelloWorld[50798:70b] Multi-tasking -> Device: YES, App: YES
2014-06-17 10:40:28.176 HelloWorld[50798:70b] Resetting plugins due to page load.
2014-06-17 10:40:28.314 HelloWorld[50798:70b] Finished load of: file:///Users/nate/Library/Application%20Support/iPhone%20Simulator/7.1/Applications/C11DD086-809F-495D-9FDA-8101295D44D4/HelloWorld.app/www/index.html
2014-06-17 10:52:59.793 HelloWorld[52580:70b] Multi-tasking -> Device: YES, App: YES
2014-06-17 10:53:00.296 HelloWorld[52580:70b] Resetting plugins due to page load.
2014-06-17 10:53:00.476 HelloWorld[52580:70b] Finished load of: file:///Users/nate/Library/Application%20Support/iPhone%20Simulator/7.1/Applications/C11DD086-809F-495D-9FDA-8101295D44D4/HelloWorld.app/www/index.html
2014-06-17 10:53:10.960 HelloWorld[52580:3f03] ERROR whitelist rejection: url='http://localhost:9393/populate-session'
2014-06-17 10:53:10.961 HelloWorld[52580:3f03] ERROR whitelist rejection: url='http://localhost:9393/populate-session'
2014-06-17 10:53:10.962 HelloWorld[52580:3f03] ERROR whitelist rejection: url='http://localhost:9393/populate-session'
2014-06-17 10:54:03.013 HelloWorld[52936:70b] Multi-tasking -> Device: YES, App: YES
2014-06-17 10:54:03.026 HelloWorld[52936:70b] Unlimited access to network resources
2014-06-17 10:54:03.383 HelloWorld[52936:70b] Resetting plugins due to page load.
2014-06-17 10:54:03.477 HelloWorld[52936:70b] Finished load of: file:///Users/nate/Library/Application%20Support/iPhone%20Simulator/7.1/Applications/C11DD086-809F-495D-9FDA-8101295D44D4/HelloWorld.app/www/index.html
2014-06-17 10:57:36.677 HelloWorld[53351:70b] Multi-tasking -> Device: YES, App: YES
2014-06-17 10:57:36.696 HelloWorld[53351:70b] Unlimited access to network resources
2014-06-17 10:57:37.212 HelloWorld[53351:70b] Resetting plugins due to page load.
2014-06-17 10:57:37.395 HelloWorld[53351:70b] Finished load of: file:///Users/nate/Library/Application%20Support/iPhone%20Simulator/7.1/Applications/C11DD086-809F-495D-9FDA-8101295D44D4/HelloWorld.app/www/index.html
Terminating in response to SpringBoard's termination.
